C51 COMPILER V9.59.0.0   __________                                                        02/09/2020 11:12:05 PAGE 1   


C51 COMPILER V9.59.0.0, COMPILATION OF MODULE __________
OBJECT MODULE PLACED IN .\Objects\∞Æ–ƒ¡˜ÀÆµ∆.obj
COMPILER INVOKED BY: D:\Keil\C51\BIN\C51.EXE ∞Æ–ƒ¡˜ÀÆµ∆.c OPTIMIZE(8,SPEED) BROWSE DEBUG OBJECTEXTEND PRINT(.\Listings\∞
                    -Æ–ƒ¡˜ÀÆµ∆.lst) TABS(2) OBJECT(.\Objects\∞Æ–ƒ¡˜ÀÆµ∆.obj)

line level    source

   1          #include <reg52.h>
   2          
   3          #define u8   unsigned char        //char        8Œª   0~255
   4          #define u16  unsigned int         //int         16Œª  0~65535
   5          #define u32  unsigned short int   //short int   32Œª
   6          #define u64  unsigned long int    //long int    64Œª
   7          
   8          #define  LED1 P0
   9          #define  LED2 P1
  10          #define  LED3 P2
  11          
  12          #define  N  40
  13          #define  M  100
  14          
  15          void delay_ms(u16 ms)               //ÂÆö‰πâÂª∂Êó∂ÂáΩÊï∞
  16          {
  17   1        u8 i;
  18   1        while(ms--)
  19   1          for(i=0;i<110;i++);
  20   1      }
  21          
  22          u8 array[9]={0xff,0xfe,0xfc,0xf8,0xf0,0xe0,0xc0,0x80,0};
  23          
  24          void main()
  25          {
  26   1        while(1)
  27   1        {
  28   2          //ÈÄê‰∏™‰∫ÆËµ∑
  29   2          u8  i = 0;
  30   2          
  31   2          u16 m = 0x0f;
  32   2          
  33   2          for(i=0;i<9;i++)
  34   2          {
  35   3            LED1 = array[i];
  36   3            delay_ms(N);
  37   3          }
  38   2          for(i=0;i<9;i++)
  39   2          {
  40   3            LED2 = array[i];
  41   3            delay_ms(N);
  42   3          }
  43   2          for(i=0;i<9;i++)
  44   2          {
  45   3            LED3 = array[i];
  46   3            delay_ms(N);
  47   3          }
  48   2          
  49   2          delay_ms(1000);
  50   2          
  51   2          //‰∫§‰∫íÈó™  È¶ñ‰Ωç‰∫ÆËµ∑
  52   2          for(i=0;i<9;i++)
  53   2          {
  54   3            LED1 = array[0]<<i;
C51 COMPILER V9.59.0.0   __________                                                        02/09/2020 11:12:05 PAGE 2   

  55   3            delay_ms(M);
  56   3            LED1 = array[0]>>i;
  57   3            delay_ms(M);
  58   3            LED3 = array[0]<<i;
  59   3            delay_ms(M);
  60   3            LED3 = array[0]>>i;
  61   3            delay_ms(M);
  62   3            LED2 = array[0]<<i;
  63   3            delay_ms(M);
  64   3            LED2 = array[0]>>i;
  65   3            delay_ms(M);
  66   3          }
  67   2          //ÈÄê‰∏™ÁÜÑÁÅ≠
  68   2          for(i=0;i<9;i++)
  69   2          {
  70   3            LED1 = array[8-i];
  71   3            delay_ms(N);
  72   3          }
  73   2          for(i=0;i<9;i++)
  74   2          {
  75   3            LED2 = array[8-i];
  76   3            delay_ms(N);
  77   3          }
  78   2          for(i=0;i<9;i++)
  79   2          {
  80   3            LED3 = array[8-i];
  81   3            delay_ms(N);
  82   3          }
  83   2          //Ë∑ëÈ©¨ÁÅØ ËÉéÊ≠ªËÖπ‰∏≠„ÄÇ
  84   2          
  85   2        }
  86   1      }
  87          
  88          /*
  89              
  90              
  91          */
  92          
  93          
  94          
  95          
  96          
  97          
  98          
  99          
 100          
 101          
 102          
 103          
 104          
 105          
 106          


MODULE INFORMATION:   STATIC OVERLAYABLE
   CODE SIZE        =    380    ----
   CONSTANT SIZE    =   ----    ----
   XDATA SIZE       =   ----    ----
   PDATA SIZE       =   ----    ----
   DATA SIZE        =      9       3
   IDATA SIZE       =   ----    ----
   BIT SIZE         =   ----    ----
C51 COMPILER V9.59.0.0   __________                                                        02/09/2020 11:12:05 PAGE 3   

END OF MODULE INFORMATION.


C51 COMPILATION COMPLETE.  0 WARNING(S),  0 ERROR(S)
