C51 COMPILER V9.59.0.0   ______                                                            02/11/2020 13:52:21 PAGE 1   


C51 COMPILER V9.59.0.0, COMPILATION OF MODULE ______
OBJECT MODULE PLACED IN .\Objects\·äÃùÆ÷.obj
COMPILER INVOKED BY: D:\Keil\C51\BIN\C51.EXE ·äÃùÆ÷.c OPTIMIZE(8,SPEED) BROWSE DEBUG OBJECTEXTEND PRINT(.\Listings\·äÃùÆ
                    -÷.lst) TABS(2) OBJECT(.\Objects\·äÃùÆ÷.obj)

line level    source

   1          #include <reg51.h>
   2          
   3          sbit FM = P2^3;
   4          
   5          void main()
   6          {
   7   1        FM = 0;      //Îª0Ê±¾Í·äÃù
   8   1        while(1);
   9   1      
  10   1      }


MODULE INFORMATION:   STATIC OVERLAYABLE
   CODE SIZE        =      4    ----
   CONSTANT SIZE    =   ----    ----
   XDATA SIZE       =   ----    ----
   PDATA SIZE       =   ----    ----
   DATA SIZE        =   ----    ----
   IDATA SIZE       =   ----    ----
   BIT SIZE         =   ----    ----
END OF MODULE INFORMATION.


C51 COMPILATION COMPLETE.  0 WARNING(S),  0 ERROR(S)
