C51 COMPILER V9.59.0.0   ____________2_0                                                   02/14/2020 15:15:05 PAGE 1   


C51 COMPILER V9.59.0.0, COMPILATION OF MODULE ____________2_0
OBJECT MODULE PLACED IN .\Objects\¾ØÕó°´¼ü´úÂë2.0.obj
COMPILER INVOKED BY: D:\Keil\C51\BIN\C51.EXE ¾ØÕó°´¼ü´úÂë2.0.c OPTIMIZE(8,SPEED) BROWSE DEBUG OBJECTEXTEND PRINT(.\Listi
                    -ngs\¾ØÕó°´¼ü´úÂë2.0.lst) TABS(2) OBJECT(.\Objects\¾ØÕó°´¼ü´úÂë2.0.obj)

line level    source

   1          #include <reg51.h>
   2          #define u8 unsigned char
   3          #define u16 unsigned int
   4          #define SMG_WEI P3^6
   5          #define SMG_DUNA P3^7
   6            
   7          sbit SMG_Control_WEI=P1;
   8          sbit SMG_Control_DUNA=P0;
   9          
  10          u8 SMG_S[6]=
  11          {
  12            0xbf,0x7f,0xfe,0xfd,0xfb,0xf7
  13          };
  14          
  15          u8 SMG_Show[16]=
  16          {
  17            0x3f,0x06,0x5b,0x4f,0x66,0x6d,
  18            0x7d,0x07,0x7f,0x6f,0x77,0x7c,
  19            0x39,0x5e,0x79,0x71
  20          };
  21          
  22          u8 keydata=0;
  23          
  24          void main()
  25          {
  26   1        SMG_Control_WEI=1;
  27   1        SMG_Control_DUNA=1;
  28   1        while(1)
  29   1        {
  30   2          u8 t0;
  31   2          u8 t1;
  32   2          u8 t2;
  33   2          u8 t3;
  34   2          
  35   2          SMG_WEI = SMG_S[1];
*** ERROR C141 IN LINE 35 OF ¾ØÕó°´¼ü´úÂë2.0.c: syntax error near '=', expected ';'
  36   2          t0=keydata/8 % 8;
  37   2          SMG_DUNA = SMG_Show[keydata/8 % 8];
*** ERROR C141 IN LINE 37 OF ¾ØÕó°´¼ü´úÂë2.0.c: syntax error near '=', expected ';'
  38   2          delay_ms(20);
  39   2          SMG_WEI=SMG_S[2];
  40   2          t1=keydata/8/8 % 8;
  41   2          SMG_DUNA=SMG_Show[keydata/8/8 % 8];
  42   2          delay_ms(20);
  43   2          SMG_WEI=SMG_S[3];
  44   2          t2=keydata/8/8/8 % 8;
  45   2          SMG_DUNA=SMG_Show[keydata/8/8/8 % 8];
  46   2          delay_ms(20);
  47   2          SMG_WEI=SMG_S[4];
  48   2          t3=keydata/8/8/8/8 % 8;
  49   2          SMG_DUNA=SMG_Show[keydata/8/8/8/8 % 8];
  50   2          delay_ms(20);
  51   2        }
  52   1        
C51 COMPILER V9.59.0.0   ____________2_0                                                   02/14/2020 15:15:05 PAGE 2   

  53   1      }
  54          
  55          void key_scanf(void)
  56          {
  57   1         P2=0x0f;
  58   1         key_H=P2;
  59   1         if(key_H!=0x0f);
  60   1        
  61   1        
  62   1      }
  63          
  64          void delay_ms(u16 i)
  65          {
  66   1        
  67   1        
  68   1      }

C51 COMPILATION COMPLETE.  0 WARNING(S),  2 ERROR(S)
